<?xml version="1.0" encoding="UTF-8"?>
<!-- Generated by org.testng.reporters.JUnitXMLReporter -->
<testsuite hostname="DELL" ignored="0" name="Test3" tests="3" failures="0" timestamp="02 Dec 2018 20:20:08 GMT" time="110.099" errors="0">
  <testcase name="checkCanadaResults" time="34.278" classname="com.avanade.test.task.tests.SearchResultsCanadaTest"/>
  <testcase name="checkDenmarkResults" time="34.026" classname="com.avanade.test.task.tests.SearchResultsDenmarkTest"/>
  <testcase name="checkUnitedStatesResults" time="41.719" classname="com.avanade.test.task.tests.SearchResultsUnitedStatesTest"/>
</testsuite> <!-- Test3 -->
